# JRE version: OpenJDK Runtime Environment Temurin-17.0.9+9 (17.0.9+9) (build 17.0.9+9)
# Java VM: OpenJDK 64-Bit Server VM Temurin-17.0.9+9 (17.0.9+9, mixed mode, sharing, tiered, compressed oops, compressed class ptrs, g1 gc, windows-amd64)
GC Precious Log:
 CPUs: 12 total, 12 available
 Memory: 5989M
 Large Page Support: Disabled
 NUMA Support: Disabled
 Compressed Oops: Enabled (32-bit)
 Heap Region Size: 1M
 Heap Min Capacity: 8M
 Heap Initial Capacity: 94M
 Heap Max Capacity: 512M
 Pre-touch: Disabled
 Parallel Workers: 10
 Concurrent Workers: 3
 Concurrent Refinement Workers: 10
 Periodic GC: Disabled
Heap:
 garbage-first heap   total 105472K, used 44967K [0x00000000e0000000, 0x0000000100000000)
  region size 1024K, 9 young (9216K), 1 survivors (1024K)
 Metaspace       used 32219K, committed 32512K, reserved 1114112K
  class space    used 3578K, committed 3712K, reserved 1048576K
GC Heap History (20 events):
Event: 1932.582 GC heap before
{Heap before GC invocations=135 (full 0):
 garbage-first heap   total 105472K, used 92032K [0x00000000e0000000, 0x0000000100000000)
  region size 1024K, 54 young (55296K), 1 survivors (1024K)
 Metaspace       used 32184K, committed 32448K, reserved 1114112K
  class space    used 3571K, committed 3712K, reserved 1048576K
}
Event: 1932.584 GC heap after
{Heap after GC invocations=136 (full 0):
 garbage-first heap   total 105472K, used 37789K [0x00000000e0000000, 0x0000000100000000)
  region size 1024K, 1 young (1024K), 1 survivors (1024K)
 Metaspace       used 32184K, committed 32448K, reserved 1114112K
  class space    used 3571K, committed 3712K, reserved 1048576K
}
Event: 1974.375 GC heap before
{Heap before GC invocations=136 (full 0):
 garbage-first heap   total 105472K, used 92061K [0x00000000e0000000, 0x0000000100000000)
  region size 1024K, 54 young (55296K), 1 survivors (1024K)
 Metaspace       used 32185K, committed 32448K, reserved 1114112K
  class space    used 3571K, committed 3712K, reserved 1048576K
}
Event: 1974.378 GC heap after
{Heap after GC invocations=137 (full 0):
 garbage-first heap   total 105472K, used 37865K [0x00000000e0000000, 0x0000000100000000)
  region size 1024K, 1 young (1024K), 1 survivors (1024K)
 Metaspace       used 32185K, committed 32448K, reserved 1114112K
  class space    used 3571K, committed 3712K, reserved 1048576K
}
Event: 2015.892 GC heap before
{Heap before GC invocations=137 (full 0):
 garbage-first heap   total 105472K, used 92137K [0x00000000e0000000, 0x0000000100000000)
  region size 1024K, 54 young (55296K), 1 survivors (1024K)
 Metaspace       used 32186K, committed 32448K, reserved 1114112K
  class space    used 3571K, committed 3712K, reserved 1048576K
}
Event: 2015.907 GC heap after
{Heap after GC invocations=138 (full 0):
 garbage-first heap   total 105472K, used 37815K [0x00000000e0000000, 0x0000000100000000)
  region size 1024K, 1 young (1024K), 1 survivors (1024K)
 Metaspace       used 32186K, committed 32448K, reserved 1114112K
  class space    used 3571K, committed 3712K, reserved 1048576K
}
Event: 2057.374 GC heap before
{Heap before GC invocations=138 (full 0):
 garbage-first heap   total 105472K, used 92087K [0x00000000e0000000, 0x0000000100000000)
  region size 1024K, 54 young (55296K), 1 survivors (1024K)
 Metaspace       used 32189K, committed 32448K, reserved 1114112K
  class space    used 3571K, committed 3712K, reserved 1048576K
}
Event: 2057.375 GC heap after
{Heap after GC invocations=139 (full 0):
 garbage-first heap   total 105472K, used 37812K [0x00000000e0000000, 0x0000000100000000)
  region size 1024K, 1 young (1024K), 1 survivors (1024K)
 Metaspace       used 32189K, committed 32448K, reserved 1114112K
  class space    used 3571K, committed 3712K, reserved 1048576K
}
Event: 2098.445 GC heap before
{Heap before GC invocations=139 (full 0):
 garbage-first heap   total 105472K, used 92084K [0x00000000e0000000, 0x0000000100000000)
  region size 1024K, 54 young (55296K), 1 survivors (1024K)
 Metaspace       used 32189K, committed 32448K, reserved 1114112K
  class space    used 3571K, committed 3712K, reserved 1048576K
}
Event: 2098.446 GC heap after
{Heap after GC invocations=140 (full 0):
 garbage-first heap   total 105472K, used 37879K [0x00000000e0000000, 0x0000000100000000)
  region size 1024K, 1 young (1024K), 1 survivors (1024K)
 Metaspace       used 32189K, committed 32448K, reserved 1114112K
  class space    used 3571K, committed 3712K, reserved 1048576K
}
Event: 2139.889 GC heap before
{Heap before GC invocations=140 (full 0):
 garbage-first heap   total 105472K, used 92151K [0x00000000e0000000, 0x0000000100000000)
  region size 1024K, 54 young (55296K), 1 survivors (1024K)
 Metaspace       used 32189K, committed 32448K, reserved 1114112K
  class space    used 3571K, committed 3712K, reserved 1048576K
}
Event: 2139.891 GC heap after
{Heap after GC invocations=141 (full 0):
 garbage-first heap   total 105472K, used 37901K [0x00000000e0000000, 0x0000000100000000)
  region size 1024K, 1 young (1024K), 1 survivors (1024K)
 Metaspace       used 32189K, committed 32448K, reserved 1114112K
  class space    used 3571K, committed 3712K, reserved 1048576K
}
Event: 2180.982 GC heap before
{Heap before GC invocations=141 (full 0):
 garbage-first heap   total 105472K, used 92173K [0x00000000e0000000, 0x0000000100000000)
  region size 1024K, 54 young (55296K), 1 survivors (1024K)
 Metaspace       used 32189K, committed 32448K, reserved 1114112K
  class space    used 3571K, committed 3712K, reserved 1048576K
}
Event: 2180.983 GC heap after
{Heap after GC invocations=142 (full 0):
 garbage-first heap   total 105472K, used 37829K [0x00000000e0000000, 0x0000000100000000)
  region size 1024K, 1 young (1024K), 1 survivors (1024K)
 Metaspace       used 32189K, committed 32448K, reserved 1114112K
  class space    used 3571K, committed 3712K, reserved 1048576K
}
Event: 2222.062 GC heap before
{Heap before GC invocations=142 (full 0):
 garbage-first heap   total 105472K, used 92101K [0x00000000e0000000, 0x0000000100000000)
  region size 1024K, 54 young (55296K), 1 survivors (1024K)
 Metaspace       used 32189K, committed 32448K, reserved 1114112K
  class space    used 3571K, committed 3712K, reserved 1048576K
}
Event: 2222.063 GC heap after
{Heap after GC invocations=143 (full 0):
 garbage-first heap   total 105472K, used 37806K [0x00000000e0000000, 0x0000000100000000)
  region size 1024K, 1 young (1024K), 1 survivors (1024K)
 Metaspace       used 32189K, committed 32448K, reserved 1114112K
  class space    used 3571K, committed 3712K, reserved 1048576K
}
Event: 2263.086 GC heap before
{Heap before GC invocations=143 (full 0):
 garbage-first heap   total 105472K, used 92078K [0x00000000e0000000, 0x0000000100000000)
  region size 1024K, 54 young (55296K), 1 survivors (1024K)
 Metaspace       used 32189K, committed 32448K, reserved 1114112K
  class space    used 3571K, committed 3712K, reserved 1048576K
}
Event: 2263.089 GC heap after
{Heap after GC invocations=144 (full 0):
 garbage-first heap   total 105472K, used 37863K [0x00000000e0000000, 0x0000000100000000)
  region size 1024K, 1 young (1024K), 1 survivors (1024K)
 Metaspace       used 32189K, committed 32448K, reserved 1114112K
  class space    used 3571K, committed 3712K, reserved 1048576K
}
Event: 2304.191 GC heap before
{Heap before GC invocations=144 (full 0):
 garbage-first heap   total 105472K, used 92135K [0x00000000e0000000, 0x0000000100000000)
  region size 1024K, 54 young (55296K), 1 survivors (1024K)
 Metaspace       used 32189K, committed 32448K, reserved 1114112K
  class space    used 3571K, committed 3712K, reserved 1048576K
}
Event: 2304.193 GC heap after
{Heap after GC invocations=145 (full 0):
 garbage-first heap   total 105472K, used 37799K [0x00000000e0000000, 0x0000000100000000)
  region size 1024K, 1 young (1024K), 1 survivors (1024K)
 Metaspace       used 32189K, committed 32448K, reserved 1114112K
  class space    used 3571K, committed 3712K, reserved 1048576K
}

